Release 14.7 Map P.20131013 (nt64)
Xilinx Mapping Report File for Design 'ov5640_sdram_vga_top'

Design Information
------------------
Command Line   : map -intstyle ise -p xc6slx9-ftg256-2 -w -logic_opt off -ol
high -t 1 -xt 0 -register_duplication off -r 4 -global_opt off -mt off -ir off
-pr off -lc off -power off -o ov5640_sdram_vga_top_map.ncd
ov5640_sdram_vga_top.ngd ov5640_sdram_vga_top.pcf 
Target Device  : xc6slx9
Target Package : ftg256
Target Speed   : -2
Mapper Version : spartan6 -- $Revision: 1.55 $
Mapped Date    : Sat Sep 12 10:36:02 2020

Design Summary
--------------
Number of errors:      0
Number of warnings:    4
Slice Logic Utilization:
  Number of Slice Registers:                   587 out of  11,440    5%
    Number used as Flip Flops:                 587
    Number used as Latches:                      0
    Number used as Latch-thrus:                  0
    Number used as AND/OR logics:                0
  Number of Slice LUTs:                        718 out of   5,720   12%
    Number used as logic:                      686 out of   5,720   11%
      Number using O6 output only:             425
      Number using O5 output only:              79
      Number using O5 and O6:                  182
      Number used as ROM:                        0
    Number used as Memory:                       0 out of   1,440    0%
    Number used exclusively as route-thrus:     32
      Number with same-slice register load:     24
      Number with same-slice carry load:         8
      Number with other load:                    0

Slice Logic Distribution:
  Number of occupied Slices:                   279 out of   1,430   19%
  Number of MUXCYs used:                       228 out of   2,860    7%
  Number of LUT Flip Flop pairs used:          830
    Number with an unused Flip Flop:           345 out of     830   41%
    Number with an unused LUT:                 112 out of     830   13%
    Number of fully used LUT-FF pairs:         373 out of     830   44%
    Number of unique control sets:              50
    Number of slice register sites lost
      to control set restrictions:             221 out of  11,440    1%

  A LUT Flip Flop pair for this architecture represents one LUT paired with
  one Flip Flop within a slice.  A control set is a unique combination of
  clock, reset, set, and enable signals for a registered element.
  The Slice Logic Distribution report is not meaningful if the design is
  over-mapped for a non-slice resource or if Placement fails.

IO Utilization:
  Number of bonded IOBs:                        75 out of     186   40%
    Number of LOCed IOBs:                       75 out of      75  100%

Specific Feature Utilization:
  Number of RAMB16BWERs:                         2 out of      32    6%
  Number of RAMB8BWERs:                          0 out of      64    0%
  Number of BUFIO2/BUFIO2_2CLKs:                 1 out of      32    3%
    Number used as BUFIO2s:                      1
    Number used as BUFIO2_2CLKs:                 0
  Number of BUFIO2FB/BUFIO2FB_2CLKs:             1 out of      32    3%
    Number used as BUFIO2FBs:                    1
    Number used as BUFIO2FB_2CLKs:               0
  Number of BUFG/BUFGMUXs:                       7 out of      16   43%
    Number used as BUFGs:                        7
    Number used as BUFGMUX:                      0
  Number of DCM/DCM_CLKGENs:                     2 out of       4   50%
    Number used as DCMs:                         2
    Number used as DCM_CLKGENs:                  0
  Number of ILOGIC2/ISERDES2s:                   0 out of     200    0%
  Number of IODELAY2/IODRP2/IODRP2_MCBs:         0 out of     200    0%
  Number of OLOGIC2/OSERDES2s:                   0 out of     200    0%
  Number of BSCANs:                              0 out of       4    0%
  Number of BUFHs:                               0 out of     128    0%
  Number of BUFPLLs:                             0 out of       8    0%
  Number of BUFPLL_MCBs:                         0 out of       4    0%
  Number of DSP48A1s:                            0 out of      16    0%
  Number of ICAPs:                               0 out of       1    0%
  Number of MCBs:                                0 out of       2    0%
  Number of PCILOGICSEs:                         0 out of       2    0%
  Number of PLL_ADVs:                            0 out of       2    0%
  Number of PMVs:                                0 out of       1    0%
  Number of STARTUPs:                            0 out of       1    0%
  Number of SUSPEND_SYNCs:                       0 out of       1    0%

Average Fanout of Non-Clock Nets:                3.97

Peak Memory Usage:  367 MB
Total REAL time to MAP completion:  12 secs 
Total CPU time to MAP completion:   12 secs 

Table of Contents
-----------------
Section 1 - Errors
Section 2 - Warnings
Section 3 - Informational
Section 4 - Removed Logic Summary
Section 5 - Removed Logic
Section 6 - IOB Properties
Section 7 - RPMs
Section 8 - Guide Report
Section 9 - Area Group and Partition Summary
Section 10 - Timing Report
Section 11 - Configuration String Information
Section 12 - Control Set Information
Section 13 - Utilization by Hierarchy

Section 1 - Errors
------------------

Section 2 - Warnings
--------------------
WARNING:Place:1206 - This design contains a global buffer instance,
   <pll_inst/clkout1_buf>, driving the net, <clk_24M>, that is driving the
   following (first 30) non-clock load pins off chip.
   < PIN: cmos_xclk.O; >
   This design practice, in Spartan-6, can lead to an unroutable situation due
   to limitations in the global routing. If the design does route there may be
   excessive delay or skew on this net. It is recommended to use a Clock
   Forwarding technique to create a reliable and repeatable low skew solution:
   instantiate an ODDR2 component; tie the .D0 pin to Logic1; tie the .D1 pin to
   Logic0; tie the clock net to be forwarded to .C0; tie the inverted clock to
   .C1. This is normally an ERROR but the CLOCK_DEDICATED_ROUTE constraint was
   applied on COMP.PIN <pll_inst/clkout1_buf.O> allowing your design to
   continue. This constraint disables all clock placer rules related to the
   specified COMP.PIN.
WARNING:Place:1137 - This design is not guaranteed to be routable! This design
   contains a global buffer instance, <pll_inst/clkout1_buf>, driving the net,
   <clk_24M>, that is driving the following (first 30) non-clock load pins.
   < PIN: cmos_xclk.O; >
   This is not a recommended design practice in Spartan-6 due to limitations in
   the global routing that may cause excessive delay, skew or unroutable
   situations.  It is recommended to only use a BUFG resource to drive clock
   loads. Please pay extra attention to the timing and routing of this path to
   ensure the design goals are met. This is normally an ERROR but the
   CLOCK_DEDICATED_ROUTE constraint was applied on COMP.PIN
   <pll_inst/clkout1_buf.O> allowing your design to continue. This constraint
   disables all clock placer rules related to the specified COMP.PIN.
WARNING:Place:1137 - This design is not guaranteed to be routable! This design
   contains a global buffer instance, <pll_inst/clkout3_buf>, driving the net,
   <clk_100M>, that is driving the following (first 30) non-clock load pins.
   < PIN: SDRAM_TOP_inst/SDRAM_arbit_inst/CLK1_INV_0.A6; >
   This is not a recommended design practice in Spartan-6 due to limitations in
   the global routing that may cause excessive delay, skew or unroutable
   situations.  It is recommended to only use a BUFG resource to drive clock
   loads. Please pay extra attention to the timing and routing of this path to
   ensure the design goals are met. This is normally an ERROR but the
   CLOCK_DEDICATED_ROUTE constraint was applied on COMP.PIN
   <pll_inst/clkout3_buf.O> allowing your design to continue. This constraint
   disables all clock placer rules related to the specified COMP.PIN.
WARNING:PhysDesignRules:372 - Gated clock. Clock net CLK_OBUF is sourced by a
   combinatorial pin. This is not good design practice. Use the CE pin to
   control the loading of data into the flip-flop.

Section 3 - Informational
-------------------------
INFO:LIT:243 - Logical network
   SDRAM_TOP_inst/read_fifo/U0/xst_fifo_generator/gconvfifo.rf/grf.rf/gntv_or_sy
   nc_fifo.gl0.rd/gras.grdc1.rdc/rd_dc_i<8> has no load.
INFO:LIT:395 - The above info message is repeated 31 more times for the
   following (max. 5 shown):
   SDRAM_TOP_inst/read_fifo/U0/xst_fifo_generator/gconvfifo.rf/grf.rf/gntv_or_sy
   nc_fifo.gl0.rd/gras.grdc1.rdc/rd_dc_i<7>,
   SDRAM_TOP_inst/read_fifo/U0/xst_fifo_generator/gconvfifo.rf/grf.rf/gntv_or_sy
   nc_fifo.gl0.rd/gras.grdc1.rdc/rd_dc_i<6>,
   SDRAM_TOP_inst/read_fifo/U0/xst_fifo_generator/gconvfifo.rf/grf.rf/gntv_or_sy
   nc_fifo.gl0.rd/gras.grdc1.rdc/rd_dc_i<5>,
   SDRAM_TOP_inst/read_fifo/U0/xst_fifo_generator/gconvfifo.rf/grf.rf/gntv_or_sy
   nc_fifo.gl0.rd/gras.grdc1.rdc/rd_dc_i<4>,
   SDRAM_TOP_inst/read_fifo/U0/xst_fifo_generator/gconvfifo.rf/grf.rf/gntv_or_sy
   nc_fifo.gl0.rd/gras.grdc1.rdc/rd_dc_i<3>
   To see the details of these info messages, please use the -detail switch.
INFO:MapLib:562 - No environment variables are currently set.
INFO:LIT:244 - All of the single ended outputs in this design are using slew
   rate limited output drivers. The delay on speed critical single ended outputs
   can be dramatically reduced by designating them as fast outputs.
INFO:Pack:1716 - Initializing temperature to 85.000 Celsius. (default - Range:
   0.000 to 85.000 Celsius)
INFO:Pack:1720 - Initializing voltage to 1.140 Volts. (default - Range: 1.140 to
   1.260 Volts)
INFO:Map:215 - The Interim Design Summary has been generated in the MAP Report
   (.mrp).
INFO:Pack:1650 - Map created a placed design.
INFO:PhysDesignRules:1861 - To achieve optimal frequency synthesis performance
   with the CLKFX and CLKFX180 outputs of the DCM comp pll1_inst/dcm_sp_inst,
   consult the device Data Sheet.
INFO:PhysDesignRules:1861 - To achieve optimal frequency synthesis performance
   with the CLKFX and CLKFX180 outputs of the DCM comp pll_inst/dcm_sp_inst,
   consult the device Data Sheet.

Section 4 - Removed Logic Summary
---------------------------------
  99 block(s) removed
   8 block(s) optimized away
  99 signal(s) removed

Section 5 - Removed Logic
-------------------------

The trimmed logic report below shows the logic removed from your design due to
sourceless or loadless signals, and VCC or ground connections.  If the removal
of a signal or symbol results in the subsequent removal of an additional signal
or symbol, the message explaining that second removal will be indented.  This
indentation will be repeated as a chain of related logic is removed.

To quickly locate the original cause for the removal of a chain of logic, look
above the place where that logic is listed in the trimming report, then locate
the lines that are least indented (begin at the leftmost edge).

The signal
"SDRAM_TOP_inst/read_fifo/U0/xst_fifo_generator/gconvfifo.rf/grf.rf/gntv_or_sync
_fifo.gl0.rd/gras.grdc1.rdc/rd_dc_i<8>" is sourceless and has been removed.
The signal
"SDRAM_TOP_inst/read_fifo/U0/xst_fifo_generator/gconvfifo.rf/grf.rf/gntv_or_sync
_fifo.gl0.rd/gras.grdc1.rdc/rd_dc_i<7>" is sourceless and has been removed.
The signal
"SDRAM_TOP_inst/read_fifo/U0/xst_fifo_generator/gconvfifo.rf/grf.rf/gntv_or_sync
_fifo.gl0.rd/gras.grdc1.rdc/rd_dc_i<6>" is sourceless and has been removed.
The signal
"SDRAM_TOP_inst/read_fifo/U0/xst_fifo_generator/gconvfifo.rf/grf.rf/gntv_or_sync
_fifo.gl0.rd/gras.grdc1.rdc/rd_dc_i<5>" is sourceless and has been removed.
The signal
"SDRAM_TOP_inst/read_fifo/U0/xst_fifo_generator/gconvfifo.rf/grf.rf/gntv_or_sync
_fifo.gl0.rd/gras.grdc1.rdc/rd_dc_i<4>" is sourceless and has been removed.
The signal
"SDRAM_TOP_inst/read_fifo/U0/xst_fifo_generator/gconvfifo.rf/grf.rf/gntv_or_sync
_fifo.gl0.rd/gras.grdc1.rdc/rd_dc_i<3>" is sourceless and has been removed.
The signal
"SDRAM_TOP_inst/read_fifo/U0/xst_fifo_generator/gconvfifo.rf/grf.rf/gntv_or_sync
_fifo.gl0.rd/gras.grdc1.rdc/rd_dc_i<2>" is sourceless and has been removed.
The signal
"SDRAM_TOP_inst/read_fifo/U0/xst_fifo_generator/gconvfifo.rf/grf.rf/gntv_or_sync
_fifo.gl0.rd/gras.grdc1.rdc/rd_dc_i<1>" is sourceless and has been removed.
The signal
"SDRAM_TOP_inst/read_fifo/U0/xst_fifo_generator/gconvfifo.rf/grf.rf/gntv_or_sync
_fifo.gl0.rd/gras.grdc1.rdc/rd_dc_i<0>" is sourceless and has been removed.
The signal
"SDRAM_TOP_inst/read_fifo/U0/xst_fifo_generator/gconvfifo.rf/grf.rf/gntv_or_sync
_fifo.gl0.wr/gwas.gwdc0.wdc/wr_data_count_i<9>" is sourceless and has been
removed.
The signal
"SDRAM_TOP_inst/read_fifo/U0/xst_fifo_generator/gconvfifo.rf/grf.rf/gntv_or_sync
_fifo.gl0.wr/gwas.gwdc0.wdc/wr_data_count_i<8>" is sourceless and has been
removed.
The signal
"SDRAM_TOP_inst/read_fifo/U0/xst_fifo_generator/gconvfifo.rf/grf.rf/gntv_or_sync
_fifo.gl0.wr/gwas.gwdc0.wdc/wr_data_count_i<7>" is sourceless and has been
removed.
The signal
"SDRAM_TOP_inst/read_fifo/U0/xst_fifo_generator/gconvfifo.rf/grf.rf/gntv_or_sync
_fifo.gl0.wr/gwas.gwdc0.wdc/wr_data_count_i<6>" is sourceless and has been
removed.
The signal
"SDRAM_TOP_inst/read_fifo/U0/xst_fifo_generator/gconvfifo.rf/grf.rf/gntv_or_sync
_fifo.gl0.wr/gwas.gwdc0.wdc/wr_data_count_i<5>" is sourceless and has been
removed.
The signal
"SDRAM_TOP_inst/read_fifo/U0/xst_fifo_generator/gconvfifo.rf/grf.rf/gntv_or_sync
_fifo.gl0.wr/gwas.gwdc0.wdc/wr_data_count_i<4>" is sourceless and has been
removed.
The signal
"SDRAM_TOP_inst/read_fifo/U0/xst_fifo_generator/gconvfifo.rf/grf.rf/gntv_or_sync
_fifo.gl0.wr/gwas.gwdc0.wdc/wr_data_count_i<3>" is sourceless and has been
removed.
The signal
"SDRAM_TOP_inst/read_fifo/U0/xst_fifo_generator/gconvfifo.rf/grf.rf/gntv_or_sync
_fifo.gl0.wr/gwas.gwdc0.wdc/wr_data_count_i<2>" is sourceless and has been
removed.
The signal
"SDRAM_TOP_inst/read_fifo/U0/xst_fifo_generator/gconvfifo.rf/grf.rf/gntv_or_sync
_fifo.gl0.wr/gwas.gwdc0.wdc/wr_data_count_i<1>" is sourceless and has been
removed.
The signal
"SDRAM_TOP_inst/read_fifo/U0/xst_fifo_generator/gconvfifo.rf/grf.rf/gntv_or_sync
_fifo.gl0.wr/gwas.gwdc0.wdc/wr_data_count_i<0>" is sourceless and has been
removed.
The signal
"SDRAM_TOP_inst/read_fifo/U0/xst_fifo_generator/gconvfifo.rf/grf.rf/gntv_or_sync
_fifo.gl0.wr/gwas.wsts/ram_full_i" is sourceless and has been removed.
The signal
"SDRAM_TOP_inst/read_fifo/U0/xst_fifo_generator/gconvfifo.rf/grf.rf/gntv_or_sync
_fifo.gl0.rd/gras.grdc1.rdc/GND_191_o_GND_191_o_sub_2_OUT<8>" is sourceless and
has been removed.
 Sourceless block
"SDRAM_TOP_inst/read_fifo/U0/xst_fifo_generator/gconvfifo.rf/grf.rf/gntv_or_sync
_fifo.gl0.rd/gras.grdc1.rdc/rd_dc_i_8" (FF) removed.
The signal
"SDRAM_TOP_inst/read_fifo/U0/xst_fifo_generator/gconvfifo.rf/grf.rf/gntv_or_sync
_fifo.gl0.rd/gras.grdc1.rdc/GND_191_o_GND_191_o_sub_2_OUT<7>" is sourceless and
has been removed.
 Sourceless block
"SDRAM_TOP_inst/read_fifo/U0/xst_fifo_generator/gconvfifo.rf/grf.rf/gntv_or_sync
_fifo.gl0.rd/gras.grdc1.rdc/rd_dc_i_7" (FF) removed.
The signal
"SDRAM_TOP_inst/read_fifo/U0/xst_fifo_generator/gconvfifo.rf/grf.rf/gntv_or_sync
_fifo.gl0.rd/gras.grdc1.rdc/GND_191_o_GND_191_o_sub_2_OUT<6>" is sourceless and
has been removed.
 Sourceless block
"SDRAM_TOP_inst/read_fifo/U0/xst_fifo_generator/gconvfifo.rf/grf.rf/gntv_or_sync
_fifo.gl0.rd/gras.grdc1.rdc/rd_dc_i_6" (FF) removed.
The signal
"SDRAM_TOP_inst/read_fifo/U0/xst_fifo_generator/gconvfifo.rf/grf.rf/gntv_or_sync
_fifo.gl0.rd/gras.grdc1.rdc/GND_191_o_GND_191_o_sub_2_OUT<5>" is sourceless and
has been removed.
 Sourceless block
"SDRAM_TOP_inst/read_fifo/U0/xst_fifo_generator/gconvfifo.rf/grf.rf/gntv_or_sync
_fifo.gl0.rd/gras.grdc1.rdc/rd_dc_i_5" (FF) removed.
The signal
"SDRAM_TOP_inst/read_fifo/U0/xst_fifo_generator/gconvfifo.rf/grf.rf/gntv_or_sync
_fifo.gl0.rd/gras.grdc1.rdc/GND_191_o_GND_191_o_sub_2_OUT<4>" is sourceless and
has been removed.
 Sourceless block
"SDRAM_TOP_inst/read_fifo/U0/xst_fifo_generator/gconvfifo.rf/grf.rf/gntv_or_sync
_fifo.gl0.rd/gras.grdc1.rdc/rd_dc_i_4" (FF) removed.
The signal
"SDRAM_TOP_inst/read_fifo/U0/xst_fifo_generator/gconvfifo.rf/grf.rf/gntv_or_sync
_fifo.gl0.rd/gras.grdc1.rdc/GND_191_o_GND_191_o_sub_2_OUT<3>" is sourceless and
has been removed.
 Sourceless block
"SDRAM_TOP_inst/read_fifo/U0/xst_fifo_generator/gconvfifo.rf/grf.rf/gntv_or_sync
_fifo.gl0.rd/gras.grdc1.rdc/rd_dc_i_3" (FF) removed.
The signal
"SDRAM_TOP_inst/read_fifo/U0/xst_fifo_generator/gconvfifo.rf/grf.rf/gntv_or_sync
_fifo.gl0.rd/gras.grdc1.rdc/GND_191_o_GND_191_o_sub_2_OUT<2>" is sourceless and
has been removed.
 Sourceless block
"SDRAM_TOP_inst/read_fifo/U0/xst_fifo_generator/gconvfifo.rf/grf.rf/gntv_or_sync
_fifo.gl0.rd/gras.grdc1.rdc/rd_dc_i_2" (FF) removed.
The signal
"SDRAM_TOP_inst/read_fifo/U0/xst_fifo_generator/gconvfifo.rf/grf.rf/gntv_or_sync
_fifo.gl0.rd/gras.grdc1.rdc/GND_191_o_GND_191_o_sub_2_OUT<1>" is sourceless and
has been removed.
 Sourceless block
"SDRAM_TOP_inst/read_fifo/U0/xst_fifo_generator/gconvfifo.rf/grf.rf/gntv_or_sync
_fifo.gl0.rd/gras.grdc1.rdc/rd_dc_i_1" (FF) removed.
The signal
"SDRAM_TOP_inst/read_fifo/U0/xst_fifo_generator/gconvfifo.rf/grf.rf/gntv_or_sync
_fifo.gl0.rd/gras.grdc1.rdc/GND_191_o_GND_191_o_sub_2_OUT<0>" is sourceless and
has been removed.
 Sourceless block
"SDRAM_TOP_inst/read_fifo/U0/xst_fifo_generator/gconvfifo.rf/grf.rf/gntv_or_sync
_fifo.gl0.rd/gras.grdc1.rdc/rd_dc_i_0" (FF) removed.
The signal
"SDRAM_TOP_inst/read_fifo/U0/xst_fifo_generator/gconvfifo.rf/grf.rf/gntv_or_sync
_fifo.gl0.wr/gwas.gwdc0.wdc/Msub_GND_197_o_GND_197_o_sub_2_OUT<9:0>_cy<8>" is
sourceless and has been removed.
 Sourceless block
"SDRAM_TOP_inst/read_fifo/U0/xst_fifo_generator/gconvfifo.rf/grf.rf/gntv_or_sync
_fifo.gl0.wr/gwas.gwdc0.wdc/Msub_GND_197_o_GND_197_o_sub_2_OUT<9:0>_xor<9>"
(XOR) removed.
  The signal
"SDRAM_TOP_inst/read_fifo/U0/xst_fifo_generator/gconvfifo.rf/grf.rf/gntv_or_sync
_fifo.gl0.wr/gwas.gwdc0.wdc/GND_197_o_GND_197_o_sub_2_OUT<9>" is sourceless and
has been removed.
   Sourceless block
"SDRAM_TOP_inst/read_fifo/U0/xst_fifo_generator/gconvfifo.rf/grf.rf/gntv_or_sync
_fifo.gl0.wr/gwas.gwdc0.wdc/wr_data_count_i_9" (FF) removed.
The signal
"SDRAM_TOP_inst/read_fifo/U0/xst_fifo_generator/gconvfifo.rf/grf.rf/gntv_or_sync
_fifo.gl0.wr/gwas.gwdc0.wdc/Msub_GND_197_o_GND_197_o_sub_2_OUT<9:0>_lut<9>" is
sourceless and has been removed.
The signal
"SDRAM_TOP_inst/read_fifo/U0/xst_fifo_generator/gconvfifo.rf/grf.rf/gntv_or_sync
_fifo.gl0.wr/gwas.gwdc0.wdc/Msub_GND_197_o_GND_197_o_sub_2_OUT<9:0>_cy<7>" is
sourceless and has been removed.
 Sourceless block
"SDRAM_TOP_inst/read_fifo/U0/xst_fifo_generator/gconvfifo.rf/grf.rf/gntv_or_sync
_fifo.gl0.wr/gwas.gwdc0.wdc/Msub_GND_197_o_GND_197_o_sub_2_OUT<9:0>_xor<8>"
(XOR) removed.
  The signal
"SDRAM_TOP_inst/read_fifo/U0/xst_fifo_generator/gconvfifo.rf/grf.rf/gntv_or_sync
_fifo.gl0.wr/gwas.gwdc0.wdc/GND_197_o_GND_197_o_sub_2_OUT<8>" is sourceless and
has been removed.
   Sourceless block
"SDRAM_TOP_inst/read_fifo/U0/xst_fifo_generator/gconvfifo.rf/grf.rf/gntv_or_sync
_fifo.gl0.wr/gwas.gwdc0.wdc/wr_data_count_i_8" (FF) removed.
 Sourceless block
"SDRAM_TOP_inst/read_fifo/U0/xst_fifo_generator/gconvfifo.rf/grf.rf/gntv_or_sync
_fifo.gl0.wr/gwas.gwdc0.wdc/Msub_GND_197_o_GND_197_o_sub_2_OUT<9:0>_cy<8>" (MUX)
removed.
The signal
"SDRAM_TOP_inst/read_fifo/U0/xst_fifo_generator/gconvfifo.rf/grf.rf/gntv_or_sync
_fifo.gl0.wr/gwas.gwdc0.wdc/Msub_GND_197_o_GND_197_o_sub_2_OUT<9:0>_lut<8>" is
sourceless and has been removed.
The signal
"SDRAM_TOP_inst/read_fifo/U0/xst_fifo_generator/gconvfifo.rf/grf.rf/gntv_or_sync
_fifo.gl0.wr/gwas.gwdc0.wdc/Msub_GND_197_o_GND_197_o_sub_2_OUT<9:0>_cy<6>" is
sourceless and has been removed.
 Sourceless block
"SDRAM_TOP_inst/read_fifo/U0/xst_fifo_generator/gconvfifo.rf/grf.rf/gntv_or_sync
_fifo.gl0.wr/gwas.gwdc0.wdc/Msub_GND_197_o_GND_197_o_sub_2_OUT<9:0>_xor<7>"
(XOR) removed.
  The signal
"SDRAM_TOP_inst/read_fifo/U0/xst_fifo_generator/gconvfifo.rf/grf.rf/gntv_or_sync
_fifo.gl0.wr/gwas.gwdc0.wdc/GND_197_o_GND_197_o_sub_2_OUT<7>" is sourceless and
has been removed.
   Sourceless block
"SDRAM_TOP_inst/read_fifo/U0/xst_fifo_generator/gconvfifo.rf/grf.rf/gntv_or_sync
_fifo.gl0.wr/gwas.gwdc0.wdc/wr_data_count_i_7" (FF) removed.
 Sourceless block
"SDRAM_TOP_inst/read_fifo/U0/xst_fifo_generator/gconvfifo.rf/grf.rf/gntv_or_sync
_fifo.gl0.wr/gwas.gwdc0.wdc/Msub_GND_197_o_GND_197_o_sub_2_OUT<9:0>_cy<7>" (MUX)
removed.
The signal
"SDRAM_TOP_inst/read_fifo/U0/xst_fifo_generator/gconvfifo.rf/grf.rf/gntv_or_sync
_fifo.gl0.wr/gwas.gwdc0.wdc/Msub_GND_197_o_GND_197_o_sub_2_OUT<9:0>_lut<7>" is
sourceless and has been removed.
The signal
"SDRAM_TOP_inst/read_fifo/U0/xst_fifo_generator/gconvfifo.rf/grf.rf/gntv_or_sync
_fifo.gl0.wr/gwas.gwdc0.wdc/Msub_GND_197_o_GND_197_o_sub_2_OUT<9:0>_cy<5>" is
sourceless and has been removed.
 Sourceless block
"SDRAM_TOP_inst/read_fifo/U0/xst_fifo_generator/gconvfifo.rf/grf.rf/gntv_or_sync
_fifo.gl0.wr/gwas.gwdc0.wdc/Msub_GND_197_o_GND_197_o_sub_2_OUT<9:0>_xor<6>"
(XOR) removed.
  The signal
"SDRAM_TOP_inst/read_fifo/U0/xst_fifo_generator/gconvfifo.rf/grf.rf/gntv_or_sync
_fifo.gl0.wr/gwas.gwdc0.wdc/GND_197_o_GND_197_o_sub_2_OUT<6>" is sourceless and
has been removed.
   Sourceless block
"SDRAM_TOP_inst/read_fifo/U0/xst_fifo_generator/gconvfifo.rf/grf.rf/gntv_or_sync
_fifo.gl0.wr/gwas.gwdc0.wdc/wr_data_count_i_6" (FF) removed.
 Sourceless block
"SDRAM_TOP_inst/read_fifo/U0/xst_fifo_generator/gconvfifo.rf/grf.rf/gntv_or_sync
_fifo.gl0.wr/gwas.gwdc0.wdc/Msub_GND_197_o_GND_197_o_sub_2_OUT<9:0>_cy<6>" (MUX)
removed.
The signal
"SDRAM_TOP_inst/read_fifo/U0/xst_fifo_generator/gconvfifo.rf/grf.rf/gntv_or_sync
_fifo.gl0.wr/gwas.gwdc0.wdc/Msub_GND_197_o_GND_197_o_sub_2_OUT<9:0>_lut<6>" is
sourceless and has been removed.
The signal
"SDRAM_TOP_inst/read_fifo/U0/xst_fifo_generator/gconvfifo.rf/grf.rf/gntv_or_sync
_fifo.gl0.wr/gwas.gwdc0.wdc/Msub_GND_197_o_GND_197_o_sub_2_OUT<9:0>_cy<4>" is
sourceless and has been removed.
 Sourceless block
"SDRAM_TOP_inst/read_fifo/U0/xst_fifo_generator/gconvfifo.rf/grf.rf/gntv_or_sync
_fifo.gl0.wr/gwas.gwdc0.wdc/Msub_GND_197_o_GND_197_o_sub_2_OUT<9:0>_xor<5>"
(XOR) removed.
  The signal
"SDRAM_TOP_inst/read_fifo/U0/xst_fifo_generator/gconvfifo.rf/grf.rf/gntv_or_sync
_fifo.gl0.wr/gwas.gwdc0.wdc/GND_197_o_GND_197_o_sub_2_OUT<5>" is sourceless and
has been removed.
   Sourceless block
"SDRAM_TOP_inst/read_fifo/U0/xst_fifo_generator/gconvfifo.rf/grf.rf/gntv_or_sync
_fifo.gl0.wr/gwas.gwdc0.wdc/wr_data_count_i_5" (FF) removed.
 Sourceless block
"SDRAM_TOP_inst/read_fifo/U0/xst_fifo_generator/gconvfifo.rf/grf.rf/gntv_or_sync
_fifo.gl0.wr/gwas.gwdc0.wdc/Msub_GND_197_o_GND_197_o_sub_2_OUT<9:0>_cy<5>" (MUX)
removed.
The signal
"SDRAM_TOP_inst/read_fifo/U0/xst_fifo_generator/gconvfifo.rf/grf.rf/gntv_or_sync
_fifo.gl0.wr/gwas.gwdc0.wdc/Msub_GND_197_o_GND_197_o_sub_2_OUT<9:0>_lut<5>" is
sourceless and has been removed.
The signal
"SDRAM_TOP_inst/read_fifo/U0/xst_fifo_generator/gconvfifo.rf/grf.rf/gntv_or_sync
_fifo.gl0.wr/gwas.gwdc0.wdc/Msub_GND_197_o_GND_197_o_sub_2_OUT<9:0>_cy<3>" is
sourceless and has been removed.
 Sourceless block
"SDRAM_TOP_inst/read_fifo/U0/xst_fifo_generator/gconvfifo.rf/grf.rf/gntv_or_sync
_fifo.gl0.wr/gwas.gwdc0.wdc/Msub_GND_197_o_GND_197_o_sub_2_OUT<9:0>_xor<4>"
(XOR) removed.
  The signal
"SDRAM_TOP_inst/read_fifo/U0/xst_fifo_generator/gconvfifo.rf/grf.rf/gntv_or_sync
_fifo.gl0.wr/gwas.gwdc0.wdc/GND_197_o_GND_197_o_sub_2_OUT<4>" is sourceless and
has been removed.
   Sourceless block
"SDRAM_TOP_inst/read_fifo/U0/xst_fifo_generator/gconvfifo.rf/grf.rf/gntv_or_sync
_fifo.gl0.wr/gwas.gwdc0.wdc/wr_data_count_i_4" (FF) removed.
 Sourceless block
"SDRAM_TOP_inst/read_fifo/U0/xst_fifo_generator/gconvfifo.rf/grf.rf/gntv_or_sync
_fifo.gl0.wr/gwas.gwdc0.wdc/Msub_GND_197_o_GND_197_o_sub_2_OUT<9:0>_cy<4>" (MUX)
removed.
The signal
"SDRAM_TOP_inst/read_fifo/U0/xst_fifo_generator/gconvfifo.rf/grf.rf/gntv_or_sync
_fifo.gl0.wr/gwas.gwdc0.wdc/Msub_GND_197_o_GND_197_o_sub_2_OUT<9:0>_lut<4>" is
sourceless and has been removed.
The signal
"SDRAM_TOP_inst/read_fifo/U0/xst_fifo_generator/gconvfifo.rf/grf.rf/gntv_or_sync
_fifo.gl0.wr/gwas.gwdc0.wdc/Msub_GND_197_o_GND_197_o_sub_2_OUT<9:0>_cy<2>" is
sourceless and has been removed.
 Sourceless block
"SDRAM_TOP_inst/read_fifo/U0/xst_fifo_generator/gconvfifo.rf/grf.rf/gntv_or_sync
_fifo.gl0.wr/gwas.gwdc0.wdc/Msub_GND_197_o_GND_197_o_sub_2_OUT<9:0>_xor<3>"
(XOR) removed.
  The signal
"SDRAM_TOP_inst/read_fifo/U0/xst_fifo_generator/gconvfifo.rf/grf.rf/gntv_or_sync
_fifo.gl0.wr/gwas.gwdc0.wdc/GND_197_o_GND_197_o_sub_2_OUT<3>" is sourceless and
has been removed.
   Sourceless block
"SDRAM_TOP_inst/read_fifo/U0/xst_fifo_generator/gconvfifo.rf/grf.rf/gntv_or_sync
_fifo.gl0.wr/gwas.gwdc0.wdc/wr_data_count_i_3" (FF) removed.
 Sourceless block
"SDRAM_TOP_inst/read_fifo/U0/xst_fifo_generator/gconvfifo.rf/grf.rf/gntv_or_sync
_fifo.gl0.wr/gwas.gwdc0.wdc/Msub_GND_197_o_GND_197_o_sub_2_OUT<9:0>_cy<3>" (MUX)
removed.
The signal
"SDRAM_TOP_inst/read_fifo/U0/xst_fifo_generator/gconvfifo.rf/grf.rf/gntv_or_sync
_fifo.gl0.wr/gwas.gwdc0.wdc/Msub_GND_197_o_GND_197_o_sub_2_OUT<9:0>_lut<3>" is
sourceless and has been removed.
The signal
"SDRAM_TOP_inst/read_fifo/U0/xst_fifo_generator/gconvfifo.rf/grf.rf/gntv_or_sync
_fifo.gl0.wr/gwas.gwdc0.wdc/Msub_GND_197_o_GND_197_o_sub_2_OUT<9:0>_cy<1>" is
sourceless and has been removed.
 Sourceless block
"SDRAM_TOP_inst/read_fifo/U0/xst_fifo_generator/gconvfifo.rf/grf.rf/gntv_or_sync
_fifo.gl0.wr/gwas.gwdc0.wdc/Msub_GND_197_o_GND_197_o_sub_2_OUT<9:0>_xor<2>"
(XOR) removed.
  The signal
"SDRAM_TOP_inst/read_fifo/U0/xst_fifo_generator/gconvfifo.rf/grf.rf/gntv_or_sync
_fifo.gl0.wr/gwas.gwdc0.wdc/GND_197_o_GND_197_o_sub_2_OUT<2>" is sourceless and
has been removed.
   Sourceless block
"SDRAM_TOP_inst/read_fifo/U0/xst_fifo_generator/gconvfifo.rf/grf.rf/gntv_or_sync
_fifo.gl0.wr/gwas.gwdc0.wdc/wr_data_count_i_2" (FF) removed.
 Sourceless block
"SDRAM_TOP_inst/read_fifo/U0/xst_fifo_generator/gconvfifo.rf/grf.rf/gntv_or_sync
_fifo.gl0.wr/gwas.gwdc0.wdc/Msub_GND_197_o_GND_197_o_sub_2_OUT<9:0>_cy<2>" (MUX)
removed.
The signal
"SDRAM_TOP_inst/read_fifo/U0/xst_fifo_generator/gconvfifo.rf/grf.rf/gntv_or_sync
_fifo.gl0.wr/gwas.gwdc0.wdc/Msub_GND_197_o_GND_197_o_sub_2_OUT<9:0>_lut<2>" is
sourceless and has been removed.
The signal
"SDRAM_TOP_inst/read_fifo/U0/xst_fifo_generator/gconvfifo.rf/grf.rf/gntv_or_sync
_fifo.gl0.wr/gwas.gwdc0.wdc/Msub_GND_197_o_GND_197_o_sub_2_OUT<9:0>_cy<0>" is
sourceless and has been removed.
 Sourceless block
"SDRAM_TOP_inst/read_fifo/U0/xst_fifo_generator/gconvfifo.rf/grf.rf/gntv_or_sync
_fifo.gl0.wr/gwas.gwdc0.wdc/Msub_GND_197_o_GND_197_o_sub_2_OUT<9:0>_xor<1>"
(XOR) removed.
  The signal
"SDRAM_TOP_inst/read_fifo/U0/xst_fifo_generator/gconvfifo.rf/grf.rf/gntv_or_sync
_fifo.gl0.wr/gwas.gwdc0.wdc/GND_197_o_GND_197_o_sub_2_OUT<1>" is sourceless and
has been removed.
   Sourceless block
"SDRAM_TOP_inst/read_fifo/U0/xst_fifo_generator/gconvfifo.rf/grf.rf/gntv_or_sync
_fifo.gl0.wr/gwas.gwdc0.wdc/wr_data_count_i_1" (FF) removed.
 Sourceless block
"SDRAM_TOP_inst/read_fifo/U0/xst_fifo_generator/gconvfifo.rf/grf.rf/gntv_or_sync
_fifo.gl0.wr/gwas.gwdc0.wdc/Msub_GND_197_o_GND_197_o_sub_2_OUT<9:0>_cy<1>" (MUX)
removed.
The signal
"SDRAM_TOP_inst/read_fifo/U0/xst_fifo_generator/gconvfifo.rf/grf.rf/gntv_or_sync
_fifo.gl0.wr/gwas.gwdc0.wdc/Msub_GND_197_o_GND_197_o_sub_2_OUT<9:0>_lut<1>" is
sourceless and has been removed.
The signal
"SDRAM_TOP_inst/read_fifo/U0/xst_fifo_generator/gconvfifo.rf/grf.rf/gntv_or_sync
_fifo.gl0.wr/gwas.gwdc0.wdc/Msub_GND_197_o_GND_197_o_sub_2_OUT<9:0>_lut<0>" is
sourceless and has been removed.
 Sourceless block
"SDRAM_TOP_inst/read_fifo/U0/xst_fifo_generator/gconvfifo.rf/grf.rf/gntv_or_sync
_fifo.gl0.wr/gwas.gwdc0.wdc/Msub_GND_197_o_GND_197_o_sub_2_OUT<9:0>_xor<0>"
(XOR) removed.
  The signal
"SDRAM_TOP_inst/read_fifo/U0/xst_fifo_generator/gconvfifo.rf/grf.rf/gntv_or_sync
_fifo.gl0.wr/gwas.gwdc0.wdc/GND_197_o_GND_197_o_sub_2_OUT<0>" is sourceless and
has been removed.
   Sourceless block
"SDRAM_TOP_inst/read_fifo/U0/xst_fifo_generator/gconvfifo.rf/grf.rf/gntv_or_sync
_fifo.gl0.wr/gwas.gwdc0.wdc/wr_data_count_i_0" (FF) removed.
 Sourceless block
"SDRAM_TOP_inst/read_fifo/U0/xst_fifo_generator/gconvfifo.rf/grf.rf/gntv_or_sync
_fifo.gl0.wr/gwas.gwdc0.wdc/Msub_GND_197_o_GND_197_o_sub_2_OUT<9:0>_cy<0>" (MUX)
removed.
The signal
"SDRAM_TOP_inst/write_fifo/U0/xst_fifo_generator/gconvfifo.rf/grf.rf/gntv_or_syn
c_fifo.gl0.rd/gras.grdc1.rdc/rd_dc_i<9>" is sourceless and has been removed.
The signal
"SDRAM_TOP_inst/write_fifo/U0/xst_fifo_generator/gconvfifo.rf/grf.rf/gntv_or_syn
c_fifo.gl0.rd/gras.grdc1.rdc/rd_dc_i<8>" is sourceless and has been removed.
The signal
"SDRAM_TOP_inst/write_fifo/U0/xst_fifo_generator/gconvfifo.rf/grf.rf/gntv_or_syn
c_fifo.gl0.rd/gras.grdc1.rdc/rd_dc_i<7>" is sourceless and has been removed.
The signal
"SDRAM_TOP_inst/write_fifo/U0/xst_fifo_generator/gconvfifo.rf/grf.rf/gntv_or_syn
c_fifo.gl0.rd/gras.grdc1.rdc/rd_dc_i<6>" is sourceless and has been removed.
The signal
"SDRAM_TOP_inst/write_fifo/U0/xst_fifo_generator/gconvfifo.rf/grf.rf/gntv_or_syn
c_fifo.gl0.rd/gras.grdc1.rdc/rd_dc_i<5>" is sourceless and has been removed.
The signal
"SDRAM_TOP_inst/write_fifo/U0/xst_fifo_generator/gconvfifo.rf/grf.rf/gntv_or_syn
c_fifo.gl0.rd/gras.grdc1.rdc/rd_dc_i<4>" is sourceless and has been removed.
The signal
"SDRAM_TOP_inst/write_fifo/U0/xst_fifo_generator/gconvfifo.rf/grf.rf/gntv_or_syn
c_fifo.gl0.rd/gras.grdc1.rdc/rd_dc_i<3>" is sourceless and has been removed.
The signal
"SDRAM_TOP_inst/write_fifo/U0/xst_fifo_generator/gconvfifo.rf/grf.rf/gntv_or_syn
c_fifo.gl0.rd/gras.grdc1.rdc/rd_dc_i<2>" is sourceless and has been removed.
The signal
"SDRAM_TOP_inst/write_fifo/U0/xst_fifo_generator/gconvfifo.rf/grf.rf/gntv_or_syn
c_fifo.gl0.rd/gras.grdc1.rdc/rd_dc_i<1>" is sourceless and has been removed.
The signal
"SDRAM_TOP_inst/write_fifo/U0/xst_fifo_generator/gconvfifo.rf/grf.rf/gntv_or_syn
c_fifo.gl0.rd/gras.grdc1.rdc/rd_dc_i<0>" is sourceless and has been removed.
The signal
"SDRAM_TOP_inst/write_fifo/U0/xst_fifo_generator/gconvfifo.rf/grf.rf/gntv_or_syn
c_fifo.gl0.wr/gwas.wsts/ram_full_i" is sourceless and has been removed.
The signal
"SDRAM_TOP_inst/write_fifo/U0/xst_fifo_generator/gconvfifo.rf/grf.rf/gntv_or_syn
c_fifo.gl0.rd/gras.rsts/ram_empty_i" is sourceless and has been removed.
The signal
"SDRAM_TOP_inst/write_fifo/U0/xst_fifo_generator/gconvfifo.rf/grf.rf/gntv_or_syn
c_fifo.gl0.rd/gras.grdc1.rdc/GND_191_o_GND_191_o_sub_2_OUT<9>" is sourceless and
has been removed.
 Sourceless block
"SDRAM_TOP_inst/write_fifo/U0/xst_fifo_generator/gconvfifo.rf/grf.rf/gntv_or_syn
c_fifo.gl0.rd/gras.grdc1.rdc/rd_dc_i_9" (FF) removed.
The signal
"SDRAM_TOP_inst/write_fifo/U0/xst_fifo_generator/gconvfifo.rf/grf.rf/gntv_or_syn
c_fifo.gl0.rd/gras.grdc1.rdc/GND_191_o_GND_191_o_sub_2_OUT<8>" is sourceless and
has been removed.
 Sourceless block
"SDRAM_TOP_inst/write_fifo/U0/xst_fifo_generator/gconvfifo.rf/grf.rf/gntv_or_syn
c_fifo.gl0.rd/gras.grdc1.rdc/rd_dc_i_8" (FF) removed.
The signal
"SDRAM_TOP_inst/write_fifo/U0/xst_fifo_generator/gconvfifo.rf/grf.rf/gntv_or_syn
c_fifo.gl0.rd/gras.grdc1.rdc/GND_191_o_GND_191_o_sub_2_OUT<7>" is sourceless and
has been removed.
 Sourceless block
"SDRAM_TOP_inst/write_fifo/U0/xst_fifo_generator/gconvfifo.rf/grf.rf/gntv_or_syn
c_fifo.gl0.rd/gras.grdc1.rdc/rd_dc_i_7" (FF) removed.
The signal
"SDRAM_TOP_inst/write_fifo/U0/xst_fifo_generator/gconvfifo.rf/grf.rf/gntv_or_syn
c_fifo.gl0.rd/gras.grdc1.rdc/GND_191_o_GND_191_o_sub_2_OUT<6>" is sourceless and
has been removed.
 Sourceless block
"SDRAM_TOP_inst/write_fifo/U0/xst_fifo_generator/gconvfifo.rf/grf.rf/gntv_or_syn
c_fifo.gl0.rd/gras.grdc1.rdc/rd_dc_i_6" (FF) removed.
The signal
"SDRAM_TOP_inst/write_fifo/U0/xst_fifo_generator/gconvfifo.rf/grf.rf/gntv_or_syn
c_fifo.gl0.rd/gras.grdc1.rdc/GND_191_o_GND_191_o_sub_2_OUT<5>" is sourceless and
has been removed.
 Sourceless block
"SDRAM_TOP_inst/write_fifo/U0/xst_fifo_generator/gconvfifo.rf/grf.rf/gntv_or_syn
c_fifo.gl0.rd/gras.grdc1.rdc/rd_dc_i_5" (FF) removed.
The signal
"SDRAM_TOP_inst/write_fifo/U0/xst_fifo_generator/gconvfifo.rf/grf.rf/gntv_or_syn
c_fifo.gl0.rd/gras.grdc1.rdc/GND_191_o_GND_191_o_sub_2_OUT<4>" is sourceless and
has been removed.
 Sourceless block
"SDRAM_TOP_inst/write_fifo/U0/xst_fifo_generator/gconvfifo.rf/grf.rf/gntv_or_syn
c_fifo.gl0.rd/gras.grdc1.rdc/rd_dc_i_4" (FF) removed.
The signal
"SDRAM_TOP_inst/write_fifo/U0/xst_fifo_generator/gconvfifo.rf/grf.rf/gntv_or_syn
c_fifo.gl0.rd/gras.grdc1.rdc/GND_191_o_GND_191_o_sub_2_OUT<3>" is sourceless and
has been removed.
 Sourceless block
"SDRAM_TOP_inst/write_fifo/U0/xst_fifo_generator/gconvfifo.rf/grf.rf/gntv_or_syn
c_fifo.gl0.rd/gras.grdc1.rdc/rd_dc_i_3" (FF) removed.
The signal
"SDRAM_TOP_inst/write_fifo/U0/xst_fifo_generator/gconvfifo.rf/grf.rf/gntv_or_syn
c_fifo.gl0.rd/gras.grdc1.rdc/GND_191_o_GND_191_o_sub_2_OUT<2>" is sourceless and
has been removed.
 Sourceless block
"SDRAM_TOP_inst/write_fifo/U0/xst_fifo_generator/gconvfifo.rf/grf.rf/gntv_or_syn
c_fifo.gl0.rd/gras.grdc1.rdc/rd_dc_i_2" (FF) removed.
The signal
"SDRAM_TOP_inst/write_fifo/U0/xst_fifo_generator/gconvfifo.rf/grf.rf/gntv_or_syn
c_fifo.gl0.rd/gras.grdc1.rdc/GND_191_o_GND_191_o_sub_2_OUT<1>" is sourceless and
has been removed.
 Sourceless block
"SDRAM_TOP_inst/write_fifo/U0/xst_fifo_generator/gconvfifo.rf/grf.rf/gntv_or_syn
c_fifo.gl0.rd/gras.grdc1.rdc/rd_dc_i_1" (FF) removed.
The signal
"SDRAM_TOP_inst/write_fifo/U0/xst_fifo_generator/gconvfifo.rf/grf.rf/gntv_or_syn
c_fifo.gl0.rd/gras.grdc1.rdc/GND_191_o_GND_191_o_sub_2_OUT<0>" is sourceless and
has been removed.
 Sourceless block
"SDRAM_TOP_inst/write_fifo/U0/xst_fifo_generator/gconvfifo.rf/grf.rf/gntv_or_syn
c_fifo.gl0.rd/gras.grdc1.rdc/rd_dc_i_0" (FF) removed.
The signal
"SDRAM_TOP_inst/write_fifo/U0/xst_fifo_generator/gconvfifo.rf/grf.rf/gntv_or_syn
c_fifo.gl0.rd/gras.grdc1.rdc/Msub_GND_191_o_GND_191_o_sub_2_OUT<9:0>_lut<0>" is
sourceless and has been removed.
 Sourceless block
"SDRAM_TOP_inst/write_fifo/U0/xst_fifo_generator/gconvfifo.rf/grf.rf/gntv_or_syn
c_fifo.gl0.rd/gras.grdc1.rdc/Msub_GND_191_o_GND_191_o_sub_2_OUT<9:0>_cy<0>"
(MUX) removed.
  The signal
"SDRAM_TOP_inst/write_fifo/U0/xst_fifo_generator/gconvfifo.rf/grf.rf/gntv_or_syn
c_fifo.gl0.rd/gras.grdc1.rdc/Msub_GND_191_o_GND_191_o_sub_2_OUT<9:0>_cy<0>" is
sourceless and has been removed.
   Sourceless block
"SDRAM_TOP_inst/write_fifo/U0/xst_fifo_generator/gconvfifo.rf/grf.rf/gntv_or_syn
c_fifo.gl0.rd/gras.grdc1.rdc/Msub_GND_191_o_GND_191_o_sub_2_OUT<9:0>_cy<1>"
(MUX) removed.
    The signal
"SDRAM_TOP_inst/write_fifo/U0/xst_fifo_generator/gconvfifo.rf/grf.rf/gntv_or_syn
c_fifo.gl0.rd/gras.grdc1.rdc/Msub_GND_191_o_GND_191_o_sub_2_OUT<9:0>_cy<1>" is
sourceless and has been removed.
     Sourceless block
"SDRAM_TOP_inst/write_fifo/U0/xst_fifo_generator/gconvfifo.rf/grf.rf/gntv_or_syn
c_fifo.gl0.rd/gras.grdc1.rdc/Msub_GND_191_o_GND_191_o_sub_2_OUT<9:0>_cy<2>"
(MUX) removed.
      The signal
"SDRAM_TOP_inst/write_fifo/U0/xst_fifo_generator/gconvfifo.rf/grf.rf/gntv_or_syn
c_fifo.gl0.rd/gras.grdc1.rdc/Msub_GND_191_o_GND_191_o_sub_2_OUT<9:0>_cy<2>" is
sourceless and has been removed.
       Sourceless block
"SDRAM_TOP_inst/write_fifo/U0/xst_fifo_generator/gconvfifo.rf/grf.rf/gntv_or_syn
c_fifo.gl0.rd/gras.grdc1.rdc/Msub_GND_191_o_GND_191_o_sub_2_OUT<9:0>_cy<3>"
(MUX) removed.
        The signal
"SDRAM_TOP_inst/write_fifo/U0/xst_fifo_generator/gconvfifo.rf/grf.rf/gntv_or_syn
c_fifo.gl0.rd/gras.grdc1.rdc/Msub_GND_191_o_GND_191_o_sub_2_OUT<9:0>_cy<3>" is
sourceless and has been removed.
         Sourceless block
"SDRAM_TOP_inst/write_fifo/U0/xst_fifo_generator/gconvfifo.rf/grf.rf/gntv_or_syn
c_fifo.gl0.rd/gras.grdc1.rdc/Msub_GND_191_o_GND_191_o_sub_2_OUT<9:0>_cy<4>"
(MUX) removed.
          The signal
"SDRAM_TOP_inst/write_fifo/U0/xst_fifo_generator/gconvfifo.rf/grf.rf/gntv_or_syn
c_fifo.gl0.rd/gras.grdc1.rdc/Msub_GND_191_o_GND_191_o_sub_2_OUT<9:0>_cy<4>" is
sourceless and has been removed.
           Sourceless block
"SDRAM_TOP_inst/write_fifo/U0/xst_fifo_generator/gconvfifo.rf/grf.rf/gntv_or_syn
c_fifo.gl0.rd/gras.grdc1.rdc/Msub_GND_191_o_GND_191_o_sub_2_OUT<9:0>_cy<5>"
(MUX) removed.
            The signal
"SDRAM_TOP_inst/write_fifo/U0/xst_fifo_generator/gconvfifo.rf/grf.rf/gntv_or_syn
c_fifo.gl0.rd/gras.grdc1.rdc/Msub_GND_191_o_GND_191_o_sub_2_OUT<9:0>_cy<5>" is
sourceless and has been removed.
             Sourceless block
"SDRAM_TOP_inst/write_fifo/U0/xst_fifo_generator/gconvfifo.rf/grf.rf/gntv_or_syn
c_fifo.gl0.rd/gras.grdc1.rdc/Msub_GND_191_o_GND_191_o_sub_2_OUT<9:0>_cy<6>"
(MUX) removed.
              The signal
"SDRAM_TOP_inst/write_fifo/U0/xst_fifo_generator/gconvfifo.rf/grf.rf/gntv_or_syn
c_fifo.gl0.rd/gras.grdc1.rdc/Msub_GND_191_o_GND_191_o_sub_2_OUT<9:0>_cy<6>" is
sourceless and has been removed.
               Sourceless block
"SDRAM_TOP_inst/write_fifo/U0/xst_fifo_generator/gconvfifo.rf/grf.rf/gntv_or_syn
c_fifo.gl0.rd/gras.grdc1.rdc/Msub_GND_191_o_GND_191_o_sub_2_OUT<9:0>_cy<7>"
(MUX) removed.
                The signal
"SDRAM_TOP_inst/write_fifo/U0/xst_fifo_generator/gconvfifo.rf/grf.rf/gntv_or_syn
c_fifo.gl0.rd/gras.grdc1.rdc/Msub_GND_191_o_GND_191_o_sub_2_OUT<9:0>_cy<7>" is
sourceless and has been removed.
                 Sourceless block
"SDRAM_TOP_inst/write_fifo/U0/xst_fifo_generator/gconvfifo.rf/grf.rf/gntv_or_syn
c_fifo.gl0.rd/gras.grdc1.rdc/Msub_GND_191_o_GND_191_o_sub_2_OUT<9:0>_cy<8>"
(MUX) removed.
                  The signal
"SDRAM_TOP_inst/write_fifo/U0/xst_fifo_generator/gconvfifo.rf/grf.rf/gntv_or_syn
c_fifo.gl0.rd/gras.grdc1.rdc/Msub_GND_191_o_GND_191_o_sub_2_OUT<9:0>_cy<8>" is
sourceless and has been removed.
                   Sourceless block
"SDRAM_TOP_inst/write_fifo/U0/xst_fifo_generator/gconvfifo.rf/grf.rf/gntv_or_syn
c_fifo.gl0.rd/gras.grdc1.rdc/Msub_GND_191_o_GND_191_o_sub_2_OUT<9:0>_xor<9>"
(XOR) removed.
                 Sourceless block
"SDRAM_TOP_inst/write_fifo/U0/xst_fifo_generator/gconvfifo.rf/grf.rf/gntv_or_syn
c_fifo.gl0.rd/gras.grdc1.rdc/Msub_GND_191_o_GND_191_o_sub_2_OUT<9:0>_xor<8>"
(XOR) removed.
               Sourceless block
"SDRAM_TOP_inst/write_fifo/U0/xst_fifo_generator/gconvfifo.rf/grf.rf/gntv_or_syn
c_fifo.gl0.rd/gras.grdc1.rdc/Msub_GND_191_o_GND_191_o_sub_2_OUT<9:0>_xor<7>"
(XOR) removed.
             Sourceless block
"SDRAM_TOP_inst/write_fifo/U0/xst_fifo_generator/gconvfifo.rf/grf.rf/gntv_or_syn
c_fifo.gl0.rd/gras.grdc1.rdc/Msub_GND_191_o_GND_191_o_sub_2_OUT<9:0>_xor<6>"
(XOR) removed.
           Sourceless block
"SDRAM_TOP_inst/write_fifo/U0/xst_fifo_generator/gconvfifo.rf/grf.rf/gntv_or_syn
c_fifo.gl0.rd/gras.grdc1.rdc/Msub_GND_191_o_GND_191_o_sub_2_OUT<9:0>_xor<5>"
(XOR) removed.
         Sourceless block
"SDRAM_TOP_inst/write_fifo/U0/xst_fifo_generator/gconvfifo.rf/grf.rf/gntv_or_syn
c_fifo.gl0.rd/gras.grdc1.rdc/Msub_GND_191_o_GND_191_o_sub_2_OUT<9:0>_xor<4>"
(XOR) removed.
       Sourceless block
"SDRAM_TOP_inst/write_fifo/U0/xst_fifo_generator/gconvfifo.rf/grf.rf/gntv_or_syn
c_fifo.gl0.rd/gras.grdc1.rdc/Msub_GND_191_o_GND_191_o_sub_2_OUT<9:0>_xor<3>"
(XOR) removed.
     Sourceless block
"SDRAM_TOP_inst/write_fifo/U0/xst_fifo_generator/gconvfifo.rf/grf.rf/gntv_or_syn
c_fifo.gl0.rd/gras.grdc1.rdc/Msub_GND_191_o_GND_191_o_sub_2_OUT<9:0>_xor<2>"
(XOR) removed.
   Sourceless block
"SDRAM_TOP_inst/write_fifo/U0/xst_fifo_generator/gconvfifo.rf/grf.rf/gntv_or_syn
c_fifo.gl0.rd/gras.grdc1.rdc/Msub_GND_191_o_GND_191_o_sub_2_OUT<9:0>_xor<1>"
(XOR) removed.
 Sourceless block
"SDRAM_TOP_inst/write_fifo/U0/xst_fifo_generator/gconvfifo.rf/grf.rf/gntv_or_syn
c_fifo.gl0.rd/gras.grdc1.rdc/Msub_GND_191_o_GND_191_o_sub_2_OUT<9:0>_xor<0>"
(XOR) removed.
The signal
"SDRAM_TOP_inst/write_fifo/U0/xst_fifo_generator/gconvfifo.rf/grf.rf/gntv_or_syn
c_fifo.gl0.rd/gras.grdc1.rdc/Msub_GND_191_o_GND_191_o_sub_2_OUT<9:0>_lut<1>" is
sourceless and has been removed.
The signal
"SDRAM_TOP_inst/write_fifo/U0/xst_fifo_generator/gconvfifo.rf/grf.rf/gntv_or_syn
c_fifo.gl0.rd/gras.grdc1.rdc/Msub_GND_191_o_GND_191_o_sub_2_OUT<9:0>_lut<2>" is
sourceless and has been removed.
The signal
"SDRAM_TOP_inst/write_fifo/U0/xst_fifo_generator/gconvfifo.rf/grf.rf/gntv_or_syn
c_fifo.gl0.rd/gras.grdc1.rdc/Msub_GND_191_o_GND_191_o_sub_2_OUT<9:0>_lut<3>" is
sourceless and has been removed.
The signal
"SDRAM_TOP_inst/write_fifo/U0/xst_fifo_generator/gconvfifo.rf/grf.rf/gntv_or_syn
c_fifo.gl0.rd/gras.grdc1.rdc/Msub_GND_191_o_GND_191_o_sub_2_OUT<9:0>_lut<4>" is
sourceless and has been removed.
The signal
"SDRAM_TOP_inst/write_fifo/U0/xst_fifo_generator/gconvfifo.rf/grf.rf/gntv_or_syn
c_fifo.gl0.rd/gras.grdc1.rdc/Msub_GND_191_o_GND_191_o_sub_2_OUT<9:0>_lut<5>" is
sourceless and has been removed.
The signal
"SDRAM_TOP_inst/write_fifo/U0/xst_fifo_generator/gconvfifo.rf/grf.rf/gntv_or_syn
c_fifo.gl0.rd/gras.grdc1.rdc/Msub_GND_191_o_GND_191_o_sub_2_OUT<9:0>_lut<6>" is
sourceless and has been removed.
The signal
"SDRAM_TOP_inst/write_fifo/U0/xst_fifo_generator/gconvfifo.rf/grf.rf/gntv_or_syn
c_fifo.gl0.rd/gras.grdc1.rdc/Msub_GND_191_o_GND_191_o_sub_2_OUT<9:0>_lut<7>" is
sourceless and has been removed.
The signal
"SDRAM_TOP_inst/write_fifo/U0/xst_fifo_generator/gconvfifo.rf/grf.rf/gntv_or_syn
c_fifo.gl0.rd/gras.grdc1.rdc/Msub_GND_191_o_GND_191_o_sub_2_OUT<9:0>_lut<8>" is
sourceless and has been removed.
The signal
"SDRAM_TOP_inst/write_fifo/U0/xst_fifo_generator/gconvfifo.rf/grf.rf/gntv_or_syn
c_fifo.gl0.rd/gras.grdc1.rdc/Msub_GND_191_o_GND_191_o_sub_2_OUT<9:0>_lut<9>" is
sourceless and has been removed.
Unused block
"SDRAM_TOP_inst/read_fifo/U0/xst_fifo_generator/gconvfifo.rf/grf.rf/gntv_or_sync
_fifo.gl0.rd/gras.grdc1.rdc/Msub_GND_191_o_GND_191_o_sub_2_OUT<9:0>_xor<0>"
(XOR) removed.
Unused block
"SDRAM_TOP_inst/read_fifo/U0/xst_fifo_generator/gconvfifo.rf/grf.rf/gntv_or_sync
_fifo.gl0.rd/gras.grdc1.rdc/Msub_GND_191_o_GND_191_o_sub_2_OUT<9:0>_xor<1>"
(XOR) removed.
Unused block
"SDRAM_TOP_inst/read_fifo/U0/xst_fifo_generator/gconvfifo.rf/grf.rf/gntv_or_sync
_fifo.gl0.rd/gras.grdc1.rdc/Msub_GND_191_o_GND_191_o_sub_2_OUT<9:0>_xor<2>"
(XOR) removed.
Unused block
"SDRAM_TOP_inst/read_fifo/U0/xst_fifo_generator/gconvfifo.rf/grf.rf/gntv_or_sync
_fifo.gl0.rd/gras.grdc1.rdc/Msub_GND_191_o_GND_191_o_sub_2_OUT<9:0>_xor<3>"
(XOR) removed.
Unused block
"SDRAM_TOP_inst/read_fifo/U0/xst_fifo_generator/gconvfifo.rf/grf.rf/gntv_or_sync
_fifo.gl0.rd/gras.grdc1.rdc/Msub_GND_191_o_GND_191_o_sub_2_OUT<9:0>_xor<4>"
(XOR) removed.
Unused block
"SDRAM_TOP_inst/read_fifo/U0/xst_fifo_generator/gconvfifo.rf/grf.rf/gntv_or_sync
_fifo.gl0.rd/gras.grdc1.rdc/Msub_GND_191_o_GND_191_o_sub_2_OUT<9:0>_xor<5>"
(XOR) removed.
Unused block
"SDRAM_TOP_inst/read_fifo/U0/xst_fifo_generator/gconvfifo.rf/grf.rf/gntv_or_sync
_fifo.gl0.rd/gras.grdc1.rdc/Msub_GND_191_o_GND_191_o_sub_2_OUT<9:0>_xor<6>"
(XOR) removed.
Unused block
"SDRAM_TOP_inst/read_fifo/U0/xst_fifo_generator/gconvfifo.rf/grf.rf/gntv_or_sync
_fifo.gl0.rd/gras.grdc1.rdc/Msub_GND_191_o_GND_191_o_sub_2_OUT<9:0>_xor<7>"
(XOR) removed.
Unused block
"SDRAM_TOP_inst/read_fifo/U0/xst_fifo_generator/gconvfifo.rf/grf.rf/gntv_or_sync
_fifo.gl0.rd/gras.grdc1.rdc/Msub_GND_191_o_GND_191_o_sub_2_OUT<9:0>_xor<8>"
(XOR) removed.
Unused block
"SDRAM_TOP_inst/read_fifo/U0/xst_fifo_generator/gconvfifo.rf/grf.rf/gntv_or_sync
_fifo.gl0.wr/gwas.gwdc0.wdc/Msub_GND_197_o_GND_197_o_sub_2_OUT<9:0>_lut<0>"
(ROM) removed.
Unused block
"SDRAM_TOP_inst/read_fifo/U0/xst_fifo_generator/gconvfifo.rf/grf.rf/gntv_or_sync
_fifo.gl0.wr/gwas.gwdc0.wdc/Msub_GND_197_o_GND_197_o_sub_2_OUT<9:0>_lut<1>"
(ROM) removed.
Unused block
"SDRAM_TOP_inst/read_fifo/U0/xst_fifo_generator/gconvfifo.rf/grf.rf/gntv_or_sync
_fifo.gl0.wr/gwas.gwdc0.wdc/Msub_GND_197_o_GND_197_o_sub_2_OUT<9:0>_lut<2>"
(ROM) removed.
Unused block
"SDRAM_TOP_inst/read_fifo/U0/xst_fifo_generator/gconvfifo.rf/grf.rf/gntv_or_sync
_fifo.gl0.wr/gwas.gwdc0.wdc/Msub_GND_197_o_GND_197_o_sub_2_OUT<9:0>_lut<3>"
(ROM) removed.
Unused block
"SDRAM_TOP_inst/read_fifo/U0/xst_fifo_generator/gconvfifo.rf/grf.rf/gntv_or_sync
_fifo.gl0.wr/gwas.gwdc0.wdc/Msub_GND_197_o_GND_197_o_sub_2_OUT<9:0>_lut<4>"
(ROM) removed.
Unused block
"SDRAM_TOP_inst/read_fifo/U0/xst_fifo_generator/gconvfifo.rf/grf.rf/gntv_or_sync
_fifo.gl0.wr/gwas.gwdc0.wdc/Msub_GND_197_o_GND_197_o_sub_2_OUT<9:0>_lut<5>"
(ROM) removed.
Unused block
"SDRAM_TOP_inst/read_fifo/U0/xst_fifo_generator/gconvfifo.rf/grf.rf/gntv_or_sync
_fifo.gl0.wr/gwas.gwdc0.wdc/Msub_GND_197_o_GND_197_o_sub_2_OUT<9:0>_lut<6>"
(ROM) removed.
Unused block
"SDRAM_TOP_inst/read_fifo/U0/xst_fifo_generator/gconvfifo.rf/grf.rf/gntv_or_sync
_fifo.gl0.wr/gwas.gwdc0.wdc/Msub_GND_197_o_GND_197_o_sub_2_OUT<9:0>_lut<7>"
(ROM) removed.
Unused block
"SDRAM_TOP_inst/read_fifo/U0/xst_fifo_generator/gconvfifo.rf/grf.rf/gntv_or_sync
_fifo.gl0.wr/gwas.gwdc0.wdc/Msub_GND_197_o_GND_197_o_sub_2_OUT<9:0>_lut<8>"
(ROM) removed.
Unused block
"SDRAM_TOP_inst/read_fifo/U0/xst_fifo_generator/gconvfifo.rf/grf.rf/gntv_or_sync
_fifo.gl0.wr/gwas.gwdc0.wdc/Msub_GND_197_o_GND_197_o_sub_2_OUT<9:0>_lut<9>"
(ROM) removed.
Unused block
"SDRAM_TOP_inst/read_fifo/U0/xst_fifo_generator/gconvfifo.rf/grf.rf/gntv_or_sync
_fifo.gl0.wr/gwas.wsts/ram_full_i" (FF) removed.
Unused block
"SDRAM_TOP_inst/write_fifo/U0/xst_fifo_generator/gconvfifo.rf/grf.rf/gntv_or_syn
c_fifo.gl0.rd/gras.grdc1.rdc/Msub_GND_191_o_GND_191_o_sub_2_OUT<9:0>_lut<0>"
(ROM) removed.
Unused block
"SDRAM_TOP_inst/write_fifo/U0/xst_fifo_generator/gconvfifo.rf/grf.rf/gntv_or_syn
c_fifo.gl0.rd/gras.grdc1.rdc/Msub_GND_191_o_GND_191_o_sub_2_OUT<9:0>_lut<1>"
(ROM) removed.
Unused block
"SDRAM_TOP_inst/write_fifo/U0/xst_fifo_generator/gconvfifo.rf/grf.rf/gntv_or_syn
c_fifo.gl0.rd/gras.grdc1.rdc/Msub_GND_191_o_GND_191_o_sub_2_OUT<9:0>_lut<2>"
(ROM) removed.
Unused block
"SDRAM_TOP_inst/write_fifo/U0/xst_fifo_generator/gconvfifo.rf/grf.rf/gntv_or_syn
c_fifo.gl0.rd/gras.grdc1.rdc/Msub_GND_191_o_GND_191_o_sub_2_OUT<9:0>_lut<3>"
(ROM) removed.
Unused block
"SDRAM_TOP_inst/write_fifo/U0/xst_fifo_generator/gconvfifo.rf/grf.rf/gntv_or_syn
c_fifo.gl0.rd/gras.grdc1.rdc/Msub_GND_191_o_GND_191_o_sub_2_OUT<9:0>_lut<4>"
(ROM) removed.
Unused block
"SDRAM_TOP_inst/write_fifo/U0/xst_fifo_generator/gconvfifo.rf/grf.rf/gntv_or_syn
c_fifo.gl0.rd/gras.grdc1.rdc/Msub_GND_191_o_GND_191_o_sub_2_OUT<9:0>_lut<5>"
(ROM) removed.
Unused block
"SDRAM_TOP_inst/write_fifo/U0/xst_fifo_generator/gconvfifo.rf/grf.rf/gntv_or_syn
c_fifo.gl0.rd/gras.grdc1.rdc/Msub_GND_191_o_GND_191_o_sub_2_OUT<9:0>_lut<6>"
(ROM) removed.
Unused block
"SDRAM_TOP_inst/write_fifo/U0/xst_fifo_generator/gconvfifo.rf/grf.rf/gntv_or_syn
c_fifo.gl0.rd/gras.grdc1.rdc/Msub_GND_191_o_GND_191_o_sub_2_OUT<9:0>_lut<7>"
(ROM) removed.
Unused block
"SDRAM_TOP_inst/write_fifo/U0/xst_fifo_generator/gconvfifo.rf/grf.rf/gntv_or_syn
c_fifo.gl0.rd/gras.grdc1.rdc/Msub_GND_191_o_GND_191_o_sub_2_OUT<9:0>_lut<8>"
(ROM) removed.
Unused block
"SDRAM_TOP_inst/write_fifo/U0/xst_fifo_generator/gconvfifo.rf/grf.rf/gntv_or_syn
c_fifo.gl0.rd/gras.grdc1.rdc/Msub_GND_191_o_GND_191_o_sub_2_OUT<9:0>_lut<9>"
(ROM) removed.
Unused block
"SDRAM_TOP_inst/write_fifo/U0/xst_fifo_generator/gconvfifo.rf/grf.rf/gntv_or_syn
c_fifo.gl0.rd/gras.rsts/ram_empty_i" (FF) removed.
Unused block
"SDRAM_TOP_inst/write_fifo/U0/xst_fifo_generator/gconvfifo.rf/grf.rf/gntv_or_syn
c_fifo.gl0.wr/gwas.wsts/ram_full_i" (FF) removed.

Optimized Block(s):
TYPE 		BLOCK
GND
		SDRAM_TOP_inst/read_fifo/U0/xst_fifo_generator/gconvfifo.rf/grf.rf/gntv_or_syn
c_fifo.mem/gbm.gbmg.gbmga.ngecc.bmg/gnativebmg.native_blk_mem_gen/valid.cstr/XST
_GND
GND 		SDRAM_TOP_inst/read_fifo/XST_GND
VCC 		SDRAM_TOP_inst/read_fifo/XST_VCC
GND
		SDRAM_TOP_inst/write_fifo/U0/xst_fifo_generator/gconvfifo.rf/grf.rf/gntv_or_sy
nc_fifo.mem/gbm.gbmg.gbmga.ngecc.bmg/gnativebmg.native_blk_mem_gen/valid.cstr/XS
T_GND
GND 		SDRAM_TOP_inst/write_fifo/XST_GND
VCC 		SDRAM_TOP_inst/write_fifo/XST_VCC
GND 		XST_GND
VCC 		XST_VCC

To enable printing of redundant blocks removed and signals merged, set the
detailed map report option and rerun map.

Section 6 - IOB Properties
--------------------------

+---------------------------------------------------------------------------------------------------------------------------------------------------------+
| IOB Name                           | Type             | Direction | IO Standard          | Diff  | Drive    | Slew | Reg (s)      | Resistor | IOB      |
|                                    |                  |           |                      | Term  | Strength | Rate |              |          | Delay    |
+---------------------------------------------------------------------------------------------------------------------------------------------------------+
| CKE                                | IOB              | OUTPUT    | LVCMOS33             |       | 12       | SLOW |              |          |          |
| CLK                                | IOB              | OUTPUT    | LVCMOS33             |       | 12       | SLOW |              |          |          |
| addr<0>                            | IOB              | OUTPUT    | LVCMOS33             |       | 12       | SLOW |              |          |          |
| addr<1>                            | IOB              | OUTPUT    | LVCMOS33             |       | 12       | SLOW |              |          |          |
| addr<2>                            | IOB              | OUTPUT    | LVCMOS33             |       | 12       | SLOW |              |          |          |
| addr<3>                            | IOB              | OUTPUT    | LVCMOS33             |       | 12       | SLOW |              |          |          |
| addr<4>                            | IOB              | OUTPUT    | LVCMOS33             |       | 12       | SLOW |              |          |          |
| addr<5>                            | IOB              | OUTPUT    | LVCMOS33             |       | 12       | SLOW |              |          |          |
| addr<6>                            | IOB              | OUTPUT    | LVCMOS33             |       | 12       | SLOW |              |          |          |
| addr<7>                            | IOB              | OUTPUT    | LVCMOS33             |       | 12       | SLOW |              |          |          |
| addr<8>                            | IOB              | OUTPUT    | LVCMOS33             |       | 12       | SLOW |              |          |          |
| addr<9>                            | IOB              | OUTPUT    | LVCMOS33             |       | 12       | SLOW |              |          |          |
| addr<10>                           | IOB              | OUTPUT    | LVCMOS33             |       | 12       | SLOW |              |          |          |
| addr<11>                           | IOB              | OUTPUT    | LVCMOS33             |       | 12       | SLOW |              |          |          |
| addr<12>                           | IOB              | OUTPUT    | LVCMOS33             |       | 12       | SLOW |              |          |          |
| ba<0>                              | IOB              | OUTPUT    | LVCMOS33             |       | 12       | SLOW |              |          |          |
| ba<1>                              | IOB              | OUTPUT    | LVCMOS33             |       | 12       | SLOW |              |          |          |
| blue<0>                            | IOB              | OUTPUT    | LVCMOS33             |       | 12       | SLOW |              |          |          |
| blue<1>                            | IOB              | OUTPUT    | LVCMOS33             |       | 12       | SLOW |              |          |          |
| blue<2>                            | IOB              | OUTPUT    | LVCMOS33             |       | 12       | SLOW |              |          |          |
| blue<3>                            | IOB              | OUTPUT    | LVCMOS33             |       | 12       | SLOW |              |          |          |
| blue<4>                            | IOB              | OUTPUT    | LVCMOS33             |       | 12       | SLOW |              |          |          |
| cas_n                              | IOB              | OUTPUT    | LVCMOS33             |       | 12       | SLOW |              |          |          |
| cmos_d<0>                          | IOB              | INPUT     | LVCMOS33             |       |          |      |              |          |          |
| cmos_d<1>                          | IOB              | INPUT     | LVCMOS33             |       |          |      |              |          |          |
| cmos_d<2>                          | IOB              | INPUT     | LVCMOS33             |       |          |      |              |          |          |
| cmos_d<3>                          | IOB              | INPUT     | LVCMOS33             |       |          |      |              |          |          |
| cmos_d<4>                          | IOB              | INPUT     | LVCMOS33             |       |          |      |              |          |          |
| cmos_d<5>                          | IOB              | INPUT     | LVCMOS33             |       |          |      |              |          |          |
| cmos_d<6>                          | IOB              | INPUT     | LVCMOS33             |       |          |      |              |          |          |
| cmos_d<7>                          | IOB              | INPUT     | LVCMOS33             |       |          |      |              |          |          |
| cmos_href                          | IOB              | INPUT     | LVCMOS33             |       |          |      |              |          |          |
| cmos_pclk                          | IOB              | INPUT     | LVCMOS33             |       |          |      |              |          |          |
| cmos_pwdn                          | IOB              | OUTPUT    | LVCMOS33             |       | 12       | SLOW |              |          |          |
| cmos_reset                         | IOB              | OUTPUT    | LVCMOS33             |       | 12       | SLOW |              |          |          |
| cmos_sclk                          | IOB              | OUTPUT    | LVCMOS33             |       | 12       | SLOW |              |          |          |
| cmos_sdat                          | IOB              | OUTPUT    | LVCMOS33             |       | 12       | SLOW |              |          |          |
| cmos_vsync                         | IOB              | INPUT     | LVCMOS33             |       |          |      |              |          |          |
| cmos_xclk                          | IOB              | OUTPUT    | LVCMOS33             |       | 12       | SLOW |              |          |          |
| cs_n                               | IOB              | OUTPUT    | LVCMOS33             |       | 12       | SLOW |              |          |          |
| dq<0>                              | IOB              | BIDIR     | LVCMOS33             |       | 12       | SLOW |              |          |          |
| dq<1>                              | IOB              | BIDIR     | LVCMOS33             |       | 12       | SLOW |              |          |          |
| dq<2>                              | IOB              | BIDIR     | LVCMOS33             |       | 12       | SLOW |              |          |          |
| dq<3>                              | IOB              | BIDIR     | LVCMOS33             |       | 12       | SLOW |              |          |          |
| dq<4>                              | IOB              | BIDIR     | LVCMOS33             |       | 12       | SLOW |              |          |          |
| dq<5>                              | IOB              | BIDIR     | LVCMOS33             |       | 12       | SLOW |              |          |          |
| dq<6>                              | IOB              | BIDIR     | LVCMOS33             |       | 12       | SLOW |              |          |          |
| dq<7>                              | IOB              | BIDIR     | LVCMOS33             |       | 12       | SLOW |              |          |          |
| dq<8>                              | IOB              | BIDIR     | LVCMOS33             |       | 12       | SLOW |              |          |          |
| dq<9>                              | IOB              | BIDIR     | LVCMOS33             |       | 12       | SLOW |              |          |          |
| dq<10>                             | IOB              | BIDIR     | LVCMOS33             |       | 12       | SLOW |              |          |          |
| dq<11>                             | IOB              | BIDIR     | LVCMOS33             |       | 12       | SLOW |              |          |          |
| dq<12>                             | IOB              | BIDIR     | LVCMOS33             |       | 12       | SLOW |              |          |          |
| dq<13>                             | IOB              | BIDIR     | LVCMOS33             |       | 12       | SLOW |              |          |          |
| dq<14>                             | IOB              | BIDIR     | LVCMOS33             |       | 12       | SLOW |              |          |          |
| dq<15>                             | IOB              | BIDIR     | LVCMOS33             |       | 12       | SLOW |              |          |          |
| dqm<0>                             | IOB              | OUTPUT    | LVCMOS33             |       | 12       | SLOW |              |          |          |
| dqm<1>                             | IOB              | OUTPUT    | LVCMOS33             |       | 12       | SLOW |              |          |          |
| green<0>                           | IOB              | OUTPUT    | LVCMOS33             |       | 12       | SLOW |              |          |          |
| green<1>                           | IOB              | OUTPUT    | LVCMOS33             |       | 12       | SLOW |              |          |          |
| green<2>                           | IOB              | OUTPUT    | LVCMOS33             |       | 12       | SLOW |              |          |          |
| green<3>                           | IOB              | OUTPUT    | LVCMOS33             |       | 12       | SLOW |              |          |          |
| green<4>                           | IOB              | OUTPUT    | LVCMOS33             |       | 12       | SLOW |              |          |          |
| green<5>                           | IOB              | OUTPUT    | LVCMOS33             |       | 12       | SLOW |              |          |          |
| h_sync                             | IOB              | OUTPUT    | LVCMOS33             |       | 12       | SLOW |              |          |          |
| osc_clk_50                         | IOB              | INPUT     | LVCMOS33             |       |          |      |              |          |          |
| ras_n                              | IOB              | OUTPUT    | LVCMOS33             |       | 12       | SLOW |              |          |          |
| red<0>                             | IOB              | OUTPUT    | LVCMOS33             |       | 12       | SLOW |              |          |          |
| red<1>                             | IOB              | OUTPUT    | LVCMOS33             |       | 12       | SLOW |              |          |          |
| red<2>                             | IOB              | OUTPUT    | LVCMOS33             |       | 12       | SLOW |              |          |          |
| red<3>                             | IOB              | OUTPUT    | LVCMOS33             |       | 12       | SLOW |              |          |          |
| red<4>                             | IOB              | OUTPUT    | LVCMOS33             |       | 12       | SLOW |              |          |          |
| reset                              | IOB              | INPUT     | LVCMOS33             |       |          |      |              |          |          |
| v_sync                             | IOB              | OUTPUT    | LVCMOS33             |       | 12       | SLOW |              |          |          |
| we_n                               | IOB              | OUTPUT    | LVCMOS33             |       | 12       | SLOW |              |          |          |
+---------------------------------------------------------------------------------------------------------------------------------------------------------+

Section 7 - RPMs
----------------

Section 8 - Guide Report
------------------------
Guide not run on this design.

Section 9 - Area Group and Partition Summary
--------------------------------------------

Partition Implementation Status
-------------------------------

  No Partitions were found in this design.

-------------------------------

Area Group Information
----------------------

  No area groups were found in this design.

----------------------

Section 10 - Timing Report
--------------------------
A logic-level (pre-route) timing report can be generated by using Xilinx static
timing analysis tools, Timing Analyzer (GUI) or TRCE (command line), with the
mapped NCD and PCF files. Please note that this timing report will be generated
using estimated delay information. For accurate numbers, please generate a
timing report with the post Place and Route NCD file.

For more information about the Timing Analyzer, consult the Xilinx Timing
Analyzer Reference Manual; for more information about TRCE, consult the Xilinx
Command Line Tools User Guide "TRACE" chapter.

Section 11 - Configuration String Details
-----------------------------------------
Use the "-detail" map option to print out Configuration Strings

Section 12 - Control Set Information
------------------------------------
Use the "-detail" map option to print out Control Set Information.

Section 13 - Utilization by Hierarchy
-------------------------------------
Use the "-detail" map option to print out the Utilization by Hierarchy section.
