--------------------------------------------------------------------------------
Release 14.7 Trace  (nt64)
Copyright (c) 1995-2013 Xilinx, Inc.  All rights reserved.

C:\Xilinx\14.7\ISE_DS\ISE\bin\nt64\unwrapped\trce.exe -intstyle ise -v 3 -s 2
-n 3 -fastpaths -xml ov5640_sdram_vga_top.twx ov5640_sdram_vga_top.ncd -o
ov5640_sdram_vga_top.twr ov5640_sdram_vga_top.pcf -ucf AX309.ucf

Design file:              ov5640_sdram_vga_top.ncd
Physical constraint file: ov5640_sdram_vga_top.pcf
Device,package,speed:     xc6slx9,ftg256,C,-2 (PRODUCTION 1.23 2013-10-13)
Report level:             verbose report

Environment Variable      Effect 
--------------------      ------ 
NONE                      No environment variables were set
--------------------------------------------------------------------------------

INFO:Timing:2698 - No timing constraints found, doing default enumeration.
INFO:Timing:3412 - To improve timing, see the Timing Closure User Guide (UG612).
INFO:Timing:2752 - To get complete path coverage, use the unconstrained paths 
   option. All paths that are not constrained will be reported in the 
   unconstrained paths section(s) of the report.
INFO:Timing:3339 - The clock-to-out numbers in this timing report are based on 
   a 50 Ohm transmission line loading model.  For the details of this model, 
   and for more information on accounting for different loading conditions, 
   please see the device datasheet.



Data Sheet report:
-----------------
All values displayed in nanoseconds (ns)

Setup/Hold to clock cmos_pclk
------------+------------+------------+------------+------------+------------------+--------+
            |Max Setup to|  Process   |Max Hold to |  Process   |                  | Clock  |
Source      | clk (edge) |   Corner   | clk (edge) |   Corner   |Internal Clock(s) | Phase  |
------------+------------+------------+------------+------------+------------------+--------+
cmos_d<0>   |    1.715(R)|      SLOW  |   -0.157(R)|      SLOW  |cmos_pclk_BUFGP   |   0.000|
cmos_d<1>   |    2.287(R)|      SLOW  |   -0.506(R)|      FAST  |cmos_pclk_BUFGP   |   0.000|
cmos_d<2>   |    3.452(R)|      SLOW  |   -1.190(R)|      FAST  |cmos_pclk_BUFGP   |   0.000|
cmos_d<3>   |    2.496(R)|      SLOW  |   -0.682(R)|      FAST  |cmos_pclk_BUFGP   |   0.000|
cmos_d<4>   |    2.270(R)|      SLOW  |   -0.553(R)|      FAST  |cmos_pclk_BUFGP   |   0.000|
cmos_d<5>   |    1.487(R)|      SLOW  |    0.094(R)|      SLOW  |cmos_pclk_BUFGP   |   0.000|
cmos_d<6>   |    2.106(R)|      SLOW  |   -0.474(R)|      FAST  |cmos_pclk_BUFGP   |   0.000|
cmos_d<7>   |    1.569(R)|      SLOW  |    0.016(R)|      SLOW  |cmos_pclk_BUFGP   |   0.000|
cmos_href   |    1.989(R)|      SLOW  |   -0.499(R)|      FAST  |cmos_pclk_BUFGP   |   0.000|
cmos_vsync  |    3.147(R)|      SLOW  |   -0.218(R)|      SLOW  |cmos_pclk_BUFGP   |   0.000|
reset       |    6.559(R)|      SLOW  |   -2.176(R)|      FAST  |cmos_pclk_BUFGP   |   0.000|
            |    9.939(F)|      SLOW  |   -5.032(F)|      FAST  |cmos_pclk_BUFGP   |   0.000|
------------+------------+------------+------------+------------+------------------+--------+

Setup/Hold to clock osc_clk_50
------------+------------+------------+------------+------------+------------------+--------+
            |Max Setup to|  Process   |Max Hold to |  Process   |                  | Clock  |
Source      | clk (edge) |   Corner   | clk (edge) |   Corner   |Internal Clock(s) | Phase  |
------------+------------+------------+------------+------------+------------------+--------+
dq<0>       |    1.925(R)|      SLOW  |   -0.122(R)|      FAST  |CLK_OBUF          |   0.000|
dq<1>       |    2.734(R)|      SLOW  |   -0.625(R)|      FAST  |CLK_OBUF          |   0.000|
dq<2>       |    1.443(R)|      SLOW  |    0.145(R)|      SLOW  |CLK_OBUF          |   0.000|
dq<3>       |    2.116(R)|      SLOW  |   -0.305(R)|      FAST  |CLK_OBUF          |   0.000|
dq<4>       |    1.401(R)|      SLOW  |    0.185(R)|      SLOW  |CLK_OBUF          |   0.000|
dq<5>       |    0.494(R)|      SLOW  |    1.043(R)|      SLOW  |CLK_OBUF          |   0.000|
dq<6>       |    1.779(R)|      SLOW  |    0.004(R)|      FAST  |CLK_OBUF          |   0.000|
dq<7>       |    1.411(R)|      SLOW  |    0.174(R)|      SLOW  |CLK_OBUF          |   0.000|
dq<8>       |    0.624(R)|      SLOW  |    0.920(R)|      SLOW  |CLK_OBUF          |   0.000|
dq<9>       |    1.631(R)|      SLOW  |    0.025(R)|      FAST  |CLK_OBUF          |   0.000|
dq<10>      |    0.441(R)|      SLOW  |    1.093(R)|      SLOW  |CLK_OBUF          |   0.000|
dq<11>      |    2.256(R)|      SLOW  |   -0.250(R)|      FAST  |CLK_OBUF          |   0.000|
dq<12>      |    1.072(R)|      SLOW  |    0.491(R)|      SLOW  |CLK_OBUF          |   0.000|
dq<13>      |    2.150(R)|      SLOW  |   -0.376(R)|      FAST  |CLK_OBUF          |   0.000|
dq<14>      |    2.041(R)|      SLOW  |   -0.195(R)|      FAST  |CLK_OBUF          |   0.000|
dq<15>      |    1.797(R)|      SLOW  |    0.007(R)|      FAST  |CLK_OBUF          |   0.000|
reset       |   10.488(R)|      SLOW  |   -4.998(R)|      FAST  |CLK_OBUF          |   0.000|
            |    8.968(R)|      SLOW  |   -1.862(R)|      FAST  |clk_100M          |   0.000|
            |   10.369(R)|      SLOW  |   -4.534(R)|      FAST  |clk_50M_2         |   0.000|
            |    8.975(R)|      SLOW  |   -4.682(R)|      FAST  |clk_vga           |   0.000|
            |    5.484(F)|      SLOW  |   -2.089(F)|      FAST  |clk_vga           |   0.000|
------------+------------+------------+------------+------------+------------------+--------+

Clock osc_clk_50 to Pad
------------+-----------------+------------+-----------------+------------+------------------+--------+
            |Max (slowest) clk|  Process   |Min (fastest) clk|  Process   |                  | Clock  |
Destination |  (edge) to PAD  |   Corner   |  (edge) to PAD  |   Corner   |Internal Clock(s) | Phase  |
------------+-----------------+------------+-----------------+------------+------------------+--------+
addr<0>     |         8.070(R)|      SLOW  |         3.486(R)|      FAST  |clk_100M          |   0.000|
addr<1>     |         7.719(R)|      SLOW  |         3.239(R)|      FAST  |clk_100M          |   0.000|
addr<2>     |         7.766(R)|      SLOW  |         3.286(R)|      FAST  |clk_100M          |   0.000|
addr<3>     |         8.352(R)|      SLOW  |         3.601(R)|      FAST  |clk_100M          |   0.000|
addr<4>     |         8.820(R)|      SLOW  |         3.846(R)|      FAST  |clk_100M          |   0.000|
addr<5>     |         8.634(R)|      SLOW  |         3.754(R)|      FAST  |clk_100M          |   0.000|
addr<6>     |         7.835(R)|      SLOW  |         3.347(R)|      FAST  |clk_100M          |   0.000|
addr<7>     |         7.835(R)|      SLOW  |         3.347(R)|      FAST  |clk_100M          |   0.000|
addr<8>     |         7.649(R)|      SLOW  |         3.245(R)|      FAST  |clk_100M          |   0.000|
addr<9>     |         7.844(R)|      SLOW  |         3.322(R)|      FAST  |clk_100M          |   0.000|
addr<10>    |         8.171(R)|      SLOW  |         3.506(R)|      FAST  |clk_100M          |   0.000|
addr<11>    |         7.711(R)|      SLOW  |         3.247(R)|      FAST  |clk_100M          |   0.000|
addr<12>    |         7.465(R)|      SLOW  |         3.107(R)|      FAST  |clk_100M          |   0.000|
ba<1>       |         8.165(R)|      SLOW  |         3.525(R)|      FAST  |clk_100M          |   0.000|
blue<0>     |        13.202(R)|      SLOW  |         6.467(R)|      FAST  |clk_vga           |   0.000|
            |        10.595(F)|      SLOW  |         4.891(F)|      FAST  |clk_vga           |   0.000|
blue<1>     |        12.617(R)|      SLOW  |         6.148(R)|      FAST  |clk_vga           |   0.000|
            |         9.951(F)|      SLOW  |         4.510(F)|      FAST  |clk_vga           |   0.000|
blue<2>     |        12.891(R)|      SLOW  |         6.275(R)|      FAST  |clk_vga           |   0.000|
            |        10.097(F)|      SLOW  |         4.558(F)|      FAST  |clk_vga           |   0.000|
blue<3>     |        12.892(R)|      SLOW  |         6.220(R)|      FAST  |clk_vga           |   0.000|
            |         9.771(F)|      SLOW  |         4.333(F)|      FAST  |clk_vga           |   0.000|
blue<4>     |        13.488(R)|      SLOW  |         6.689(R)|      FAST  |clk_vga           |   0.000|
            |        10.589(F)|      SLOW  |         4.906(F)|      FAST  |clk_vga           |   0.000|
cas_n       |         7.848(R)|      SLOW  |         3.306(R)|      FAST  |clk_100M          |   0.000|
cmos_pwdn   |        13.009(R)|      SLOW  |         4.538(R)|      FAST  |clk_50M_2         |   0.000|
cmos_reset  |        11.762(R)|      SLOW  |         4.689(R)|      FAST  |clk_50M_2         |   0.000|
dq<0>       |        14.404(R)|      SLOW  |         7.329(R)|      FAST  |CLK_OBUF          |   0.000|
            |        12.357(R)|      SLOW  |         5.313(R)|      FAST  |clk_100M          |   0.000|
dq<1>       |        14.421(R)|      SLOW  |         7.328(R)|      FAST  |CLK_OBUF          |   0.000|
            |        12.357(R)|      SLOW  |         5.313(R)|      FAST  |clk_100M          |   0.000|
dq<2>       |        14.009(R)|      SLOW  |         7.083(R)|      FAST  |CLK_OBUF          |   0.000|
            |        11.463(R)|      SLOW  |         4.808(R)|      FAST  |clk_100M          |   0.000|
dq<3>       |        14.442(R)|      SLOW  |         7.353(R)|      FAST  |CLK_OBUF          |   0.000|
            |        11.463(R)|      SLOW  |         4.808(R)|      FAST  |clk_100M          |   0.000|
dq<4>       |        13.963(R)|      SLOW  |         7.067(R)|      FAST  |CLK_OBUF          |   0.000|
            |        11.076(R)|      SLOW  |         4.593(R)|      FAST  |clk_100M          |   0.000|
dq<5>       |        14.675(R)|      SLOW  |         7.516(R)|      FAST  |CLK_OBUF          |   0.000|
            |         9.762(R)|      SLOW  |         3.869(R)|      FAST  |clk_100M          |   0.000|
dq<6>       |        13.942(R)|      SLOW  |         7.046(R)|      FAST  |CLK_OBUF          |   0.000|
            |        11.076(R)|      SLOW  |         4.593(R)|      FAST  |clk_100M          |   0.000|
dq<7>       |        13.983(R)|      SLOW  |         7.062(R)|      FAST  |CLK_OBUF          |   0.000|
            |        10.879(R)|      SLOW  |         4.482(R)|      FAST  |clk_100M          |   0.000|
dq<8>       |        14.891(R)|      SLOW  |         7.582(R)|      FAST  |CLK_OBUF          |   0.000|
            |         9.318(R)|      SLOW  |         3.634(R)|      FAST  |clk_100M          |   0.000|
dq<9>       |        13.742(R)|      SLOW  |         6.946(R)|      FAST  |CLK_OBUF          |   0.000|
            |        11.266(R)|      SLOW  |         4.697(R)|      FAST  |clk_100M          |   0.000|
dq<10>      |        15.088(R)|      SLOW  |         7.720(R)|      FAST  |CLK_OBUF          |   0.000|
            |         9.502(R)|      SLOW  |         3.732(R)|      FAST  |clk_100M          |   0.000|
dq<11>      |        14.396(R)|      SLOW  |         7.315(R)|      FAST  |CLK_OBUF          |   0.000|
            |        12.138(R)|      SLOW  |         5.195(R)|      FAST  |clk_100M          |   0.000|
dq<12>      |        15.413(R)|      SLOW  |         7.912(R)|      FAST  |CLK_OBUF          |   0.000|
            |         9.002(R)|      SLOW  |         3.441(R)|      FAST  |clk_100M          |   0.000|
dq<13>      |        14.364(R)|      SLOW  |         7.273(R)|      FAST  |CLK_OBUF          |   0.000|
            |        12.138(R)|      SLOW  |         5.195(R)|      FAST  |clk_100M          |   0.000|
dq<14>      |        14.211(R)|      SLOW  |         7.200(R)|      FAST  |CLK_OBUF          |   0.000|
            |        11.695(R)|      SLOW  |         4.954(R)|      FAST  |clk_100M          |   0.000|
dq<15>      |        13.970(R)|      SLOW  |         7.064(R)|      FAST  |CLK_OBUF          |   0.000|
            |        11.695(R)|      SLOW  |         4.954(R)|      FAST  |clk_100M          |   0.000|
green<0>    |        12.664(R)|      SLOW  |         6.126(R)|      FAST  |clk_vga           |   0.000|
            |         9.750(F)|      SLOW  |         4.345(F)|      FAST  |clk_vga           |   0.000|
green<1>    |        12.607(R)|      SLOW  |         6.086(R)|      FAST  |clk_vga           |   0.000|
            |         9.816(F)|      SLOW  |         4.407(F)|      FAST  |clk_vga           |   0.000|
green<2>    |        12.496(R)|      SLOW  |         5.992(R)|      FAST  |clk_vga           |   0.000|
            |        10.217(F)|      SLOW  |         4.633(F)|      FAST  |clk_vga           |   0.000|
green<3>    |        12.764(R)|      SLOW  |         6.218(R)|      FAST  |clk_vga           |   0.000|
            |        10.552(F)|      SLOW  |         4.850(F)|      FAST  |clk_vga           |   0.000|
green<4>    |        12.551(R)|      SLOW  |         6.041(R)|      FAST  |clk_vga           |   0.000|
            |        10.230(F)|      SLOW  |         4.627(F)|      FAST  |clk_vga           |   0.000|
green<5>    |        13.116(R)|      SLOW  |         6.342(R)|      FAST  |clk_vga           |   0.000|
            |        10.325(F)|      SLOW  |         4.662(F)|      FAST  |clk_vga           |   0.000|
h_sync      |         8.455(F)|      SLOW  |         3.710(F)|      FAST  |clk_vga           |   0.000|
ras_n       |         7.873(R)|      SLOW  |         3.341(R)|      FAST  |clk_100M          |   0.000|
red<0>      |        13.062(R)|      SLOW  |         6.397(R)|      FAST  |clk_vga           |   0.000|
            |        10.685(F)|      SLOW  |         4.927(F)|      FAST  |clk_vga           |   0.000|
red<1>      |        12.693(R)|      SLOW  |         6.198(R)|      FAST  |clk_vga           |   0.000|
            |        10.665(F)|      SLOW  |         4.895(F)|      FAST  |clk_vga           |   0.000|
red<2>      |        13.108(R)|      SLOW  |         6.445(R)|      FAST  |clk_vga           |   0.000|
            |        10.745(F)|      SLOW  |         4.934(F)|      FAST  |clk_vga           |   0.000|
red<3>      |        11.241(R)|      SLOW  |         5.403(R)|      FAST  |clk_vga           |   0.000|
            |        10.177(F)|      SLOW  |         4.637(F)|      FAST  |clk_vga           |   0.000|
red<4>      |        13.250(R)|      SLOW  |         6.455(R)|      FAST  |clk_vga           |   0.000|
            |        11.534(F)|      SLOW  |         5.340(F)|      FAST  |clk_vga           |   0.000|
v_sync      |         8.397(F)|      SLOW  |         3.668(F)|      FAST  |clk_vga           |   0.000|
we_n        |         8.918(R)|      SLOW  |         3.941(R)|      FAST  |clk_100M          |   0.000|
------------+-----------------+------------+-----------------+------------+------------------+--------+

Clock to Setup on destination clock cmos_pclk
---------------+---------+---------+---------+---------+
               | Src:Rise| Src:Fall| Src:Rise| Src:Fall|
Source Clock   |Dest:Rise|Dest:Rise|Dest:Fall|Dest:Fall|
---------------+---------+---------+---------+---------+
cmos_pclk      |    2.982|         |    3.083|    3.781|
osc_clk_50     |         |         |    3.996|         |
---------------+---------+---------+---------+---------+

Clock to Setup on destination clock osc_clk_50
---------------+---------+---------+---------+---------+
               | Src:Rise| Src:Fall| Src:Rise| Src:Fall|
Source Clock   |Dest:Rise|Dest:Rise|Dest:Fall|Dest:Fall|
---------------+---------+---------+---------+---------+
cmos_pclk      |         |    7.413|         |         |
osc_clk_50     |    5.983|    4.387|    4.350|    4.493|
---------------+---------+---------+---------+---------+

Pad to Pad
---------------+---------------+---------+
Source Pad     |Destination Pad|  Delay  |
---------------+---------------+---------+
osc_clk_50     |CLK            |   10.164|
osc_clk_50     |cmos_xclk      |    8.168|
---------------+---------------+---------+


Analysis completed Sat Sep 12 10:36:32 2020 
--------------------------------------------------------------------------------

Trace Settings:
-------------------------
Trace Settings 

Peak Memory Usage: 229 MB



